[05-Jun-2024 12:32:06 UTC] PHP Warning:  Attempt to read property "title" on null in C:\Users\austi\Local Sites\fiverr\app\public\wp-includes\class-wp-customize-widgets.php on line 905
[05-Jun-2024 14:38:21 UTC] PHP Warning:  Undefined array key "editor_post_id" in C:\Users\austi\Local Sites\fiverr\app\public\wp-content\plugins\elementor\modules\history\revisions-manager.php on line 363
[06-Jun-2024 17:06:20 UTC] PHP Warning:  Attempt to read property "title" on null in C:\Users\austi\Local Sites\fiverr\app\public\wp-includes\class-wp-customize-widgets.php on line 905
[13-Jun-2024 16:08:44 UTC] PHP Warning:  Undefined array key "form" in C:\Users\austi\Local Sites\fiverr\app\public\wp-content\plugins\ultimate-member\includes\common\class-cpt.php on line 162
[13-Jun-2024 16:08:44 UTC] PHP Warning:  Trying to access array offset on value of type null in C:\Users\austi\Local Sites\fiverr\app\public\wp-content\plugins\ultimate-member\includes\common\class-cpt.php on line 162
[13-Jun-2024 16:08:44 UTC] PHP Warning:  Undefined array key "form" in C:\Users\austi\Local Sites\fiverr\app\public\wp-content\plugins\ultimate-member\includes\common\class-cpt.php on line 162
[13-Jun-2024 16:08:44 UTC] PHP Warning:  Trying to access array offset on value of type null in C:\Users\austi\Local Sites\fiverr\app\public\wp-content\plugins\ultimate-member\includes\common\class-cpt.php on line 162
[13-Jun-2024 16:08:44 UTC] PHP Warning:  Undefined array key "form" in C:\Users\austi\Local Sites\fiverr\app\public\wp-content\plugins\ultimate-member\includes\common\class-cpt.php on line 162
[13-Jun-2024 16:08:44 UTC] PHP Warning:  Trying to access array offset on value of type null in C:\Users\austi\Local Sites\fiverr\app\public\wp-content\plugins\ultimate-member\includes\common\class-cpt.php on line 162
[13-Jun-2024 16:28:41 UTC] PHP Warning:  Attempt to read property "title" on null in C:\Users\austi\Local Sites\fiverr\app\public\wp-includes\class-wp-customize-widgets.php on line 905
[13-Jun-2024 16:34:18 UTC] PHP Warning:  Attempt to read property "title" on null in C:\Users\austi\Local Sites\fiverr\app\public\wp-includes\class-wp-customize-widgets.php on line 905
[13-Jun-2024 16:35:00 UTC] PHP Warning:  Attempt to read property "title" on null in C:\Users\austi\Local Sites\fiverr\app\public\wp-includes\class-wp-customize-widgets.php on line 905
[13-Jun-2024 16:36:44 UTC] PHP Warning:  Attempt to read property "title" on null in C:\Users\austi\Local Sites\fiverr\app\public\wp-includes\class-wp-customize-widgets.php on line 905
[13-Jun-2024 16:39:34 UTC] PHP Warning:  Attempt to read property "title" on null in C:\Users\austi\Local Sites\fiverr\app\public\wp-includes\class-wp-customize-widgets.php on line 905
[13-Jun-2024 17:36:36 UTC] PHP Warning:  Undefined array key "post_id" in C:\Users\austi\Local Sites\fiverr\app\public\wp-content\plugins\elementor-pro\modules\forms\classes\ajax-handler.php on line 64
[13-Jun-2024 17:36:36 UTC] PHP Warning:  Undefined array key "form_id" in C:\Users\austi\Local Sites\fiverr\app\public\wp-content\plugins\elementor-pro\modules\forms\classes\ajax-handler.php on line 76
[13-Jun-2024 17:36:55 UTC] PHP Warning:  Undefined array key "post_id" in C:\Users\austi\Local Sites\fiverr\app\public\wp-content\plugins\elementor-pro\modules\forms\classes\ajax-handler.php on line 64
[13-Jun-2024 17:36:55 UTC] PHP Warning:  Undefined array key "form_id" in C:\Users\austi\Local Sites\fiverr\app\public\wp-content\plugins\elementor-pro\modules\forms\classes\ajax-handler.php on line 76
[13-Jun-2024 17:37:07 UTC] PHP Warning:  Undefined array key "post_id" in C:\Users\austi\Local Sites\fiverr\app\public\wp-content\plugins\elementor-pro\modules\forms\classes\ajax-handler.php on line 64
[13-Jun-2024 17:37:07 UTC] PHP Warning:  Undefined array key "form_id" in C:\Users\austi\Local Sites\fiverr\app\public\wp-content\plugins\elementor-pro\modules\forms\classes\ajax-handler.php on line 76
[13-Jun-2024 17:37:18 UTC] PHP Warning:  Undefined array key "post_id" in C:\Users\austi\Local Sites\fiverr\app\public\wp-content\plugins\elementor-pro\modules\forms\classes\ajax-handler.php on line 64
[13-Jun-2024 17:37:18 UTC] PHP Warning:  Undefined array key "form_id" in C:\Users\austi\Local Sites\fiverr\app\public\wp-content\plugins\elementor-pro\modules\forms\classes\ajax-handler.php on line 76
[13-Jun-2024 17:56:11 UTC] PHP Warning:  Undefined array key "post_id" in C:\Users\austi\Local Sites\fiverr\app\public\wp-content\plugins\elementor-pro\modules\forms\classes\ajax-handler.php on line 64
[13-Jun-2024 17:56:11 UTC] PHP Warning:  Undefined array key "form_id" in C:\Users\austi\Local Sites\fiverr\app\public\wp-content\plugins\elementor-pro\modules\forms\classes\ajax-handler.php on line 76
[13-Jun-2024 18:11:23 UTC] PHP Warning:  foreach() argument must be of type array|object, string given in C:\Users\austi\Local Sites\fiverr\app\public\wp-content\plugins\elementor\includes\db.php on line 267
[13-Jun-2024 18:11:23 UTC] PHP Warning:  foreach() argument must be of type array|object, string given in C:\Users\austi\Local Sites\fiverr\app\public\wp-content\plugins\elementor\includes\db.php on line 267
[13-Jun-2024 19:07:45 UTC] PHP Warning:  Undefined array key "auto_login" in C:\Users\austi\Local Sites\fiverr\app\public\wp-content\plugins\ultimate-elementor\modules\registration-form\module.php on line 403
[13-Jun-2024 20:30:33 UTC] PHP Warning:  Undefined array key "post_id" in C:\Users\austi\Local Sites\fiverr\app\public\wp-content\plugins\elementor-pro\modules\forms\classes\ajax-handler.php on line 64
[13-Jun-2024 20:30:33 UTC] PHP Warning:  Undefined array key "form_id" in C:\Users\austi\Local Sites\fiverr\app\public\wp-content\plugins\elementor-pro\modules\forms\classes\ajax-handler.php on line 76
[13-Jun-2024 20:31:20 UTC] PHP Warning:  Undefined array key "post_id" in C:\Users\austi\Local Sites\fiverr\app\public\wp-content\plugins\elementor-pro\modules\forms\classes\ajax-handler.php on line 64
[13-Jun-2024 20:31:20 UTC] PHP Warning:  Undefined array key "form_id" in C:\Users\austi\Local Sites\fiverr\app\public\wp-content\plugins\elementor-pro\modules\forms\classes\ajax-handler.php on line 76
[13-Jun-2024 20:38:51 UTC] PHP Warning:  Undefined array key "post_id" in C:\Users\austi\Local Sites\fiverr\app\public\wp-content\plugins\elementor-pro\modules\forms\classes\ajax-handler.php on line 64
[13-Jun-2024 20:38:51 UTC] PHP Warning:  Undefined array key "form_id" in C:\Users\austi\Local Sites\fiverr\app\public\wp-content\plugins\elementor-pro\modules\forms\classes\ajax-handler.php on line 76
[13-Jun-2024 20:48:45 UTC] PHP Warning:  Undefined array key "auto_login" in C:\Users\austi\Local Sites\fiverr\app\public\wp-content\plugins\ultimate-elementor\modules\registration-form\module.php on line 403
[13-Jun-2024 20:53:50 UTC] PHP Warning:  Undefined array key "auto_login" in C:\Users\austi\Local Sites\fiverr\app\public\wp-content\plugins\ultimate-elementor\modules\registration-form\module.php on line 403
[13-Jun-2024 21:05:34 UTC] PHP Warning:  Attempt to read property "title" on null in C:\Users\nicol\Local Sites\yappers\app\public\wp-includes\class-wp-customize-widgets.php on line 905
[13-Jun-2024 21:14:42 UTC] Cron reschedule event error for hook: action_scheduler_run_queue, Error code: invalid_schedule, Error message: Event schedule does not exist., Data: {"schedule":"every_minute","args":["WP Cron"],"interval":60}
[13-Jun-2024 21:15:56 UTC] PHP Warning:  Attempt to read property "title" on null in C:\Users\nicol\Local Sites\yappers\app\public\wp-includes\class-wp-customize-widgets.php on line 905
[13-Jun-2024 21:19:17 UTC] PHP Warning:  Undefined array key "auto_login" in C:\Users\nicol\Local Sites\yappers\app\public\wp-content\plugins\ultimate-elementor\modules\registration-form\module.php on line 403
[14-Jun-2024 00:51:44 UTC] PHP Warning:  Undefined array key "auto_login" in C:\Users\nicol\Local Sites\yappers\app\public\wp-content\plugins\ultimate-elementor\modules\registration-form\module.php on line 403
[14-Jun-2024 01:03:42 UTC] PHP Warning:  Undefined array key "auto_login" in C:\Users\nicol\Local Sites\yappers\app\public\wp-content\plugins\ultimate-elementor\modules\registration-form\module.php on line 403
